host: fedora
Building DAG of jobs...
Using shell: /usr/bin/bash
Provided cores: 3
Rules claiming more threads will be scaled down.
Job stats:
job               count
--------------  -------
create_samples        1
total                 1

Select jobs to execute...
Execute 1 jobs...

[Thu Apr 10 14:39:30 2025]
localrule create_samples:
    input: resources/sample_desc.xlsx
    output: config/samples.tsv
    jobid: 0
    reason: Missing output files: config/samples.tsv
    resources: tmpdir=/tmp

Activating conda environment: .snakemake/conda/31a74201514e57a22ef8a6882f45dddf_
Environment defines Python version < 3.7. Using Python of the main process to execute script. Note that this cannot be avoided, because the script uses data structures from Snakemake which are Python >=3.7 only.
Activating conda environment: .snakemake/conda/31a74201514e57a22ef8a6882f45dddf_
RuleException:
CalledProcessError in file /home/adrian/Documents/Promotion/p10_heart/workflow/Snakefile, line 32:
Command 'source /home/adrian/micromamba/envs/snakemake/bin/activate '/home/adrian/Documents/Promotion/p10_heart/.snakemake/conda/31a74201514e57a22ef8a6882f45dddf_'; set -euo pipefail;  /home/adrian/micromamba/envs/snakemake/bin/python3.12 /home/adrian/Documents/Promotion/p10_heart/.snakemake/scripts/tmpqug_u47t.create_samples.py' returned non-zero exit status 1.
[Thu Apr 10 14:39:31 2025]
Error in rule create_samples:
    jobid: 0
    input: resources/sample_desc.xlsx
    output: config/samples.tsv
    conda-env: /home/adrian/Documents/Promotion/p10_heart/.snakemake/conda/31a74201514e57a22ef8a6882f45dddf_

Exiting because a job execution failed. Look above for error message
Complete log: .snakemake/log/2025-04-10T143929.811414.snakemake.log
WorkflowError:
At least one job did not complete successfully.
