host: fedora
Building DAG of jobs...
Using shell: /usr/bin/bash
Provided cores: 3
Rules claiming more threads will be scaled down.
Job stats:
job               count
--------------  -------
create_samples        1
total                 1

Select jobs to execute...
Execute 1 jobs...

[Thu Apr 10 14:27:57 2025]
localrule create_samples:
    input: resources/sample_desc.xlsx
    output: config/samples.tsv
    jobid: 0
    reason: Missing output files: config/samples.tsv
    resources: tmpdir=/tmp

RuleException:
WorkflowError in file /home/adrian/Documents/Promotion/p10_heart/workflow/Snakefile, line 30:
Failed to open source file /home/adrian/Documents/Promotion/p10_heart/workflow/scripts/create_samples.py
FileNotFoundError: [Errno 2] No such file or directory: '/home/adrian/Documents/Promotion/p10_heart/workflow/scripts/create_samples.py'
[Thu Apr 10 14:27:57 2025]
Error in rule create_samples:
    jobid: 0
    input: resources/sample_desc.xlsx
    output: config/samples.tsv

Exiting because a job execution failed. Look above for error message
Complete log: .snakemake/log/2025-04-10T142757.087024.snakemake.log
WorkflowError:
At least one job did not complete successfully.
